<?xml version="1.0" encoding="UTF-8"?>
<!-- Generated by org.testng.reporters.JUnitXMLReporter -->
<testsuite ignored="0" hostname="MUM990197" failures="0" tests="10" name="Free CRM App Test Cases" time="226.88" errors="0" timestamp="07 Jan 2021 13:56:08 GMT">
  <testcase classname="com.crm.qa.testcases.HomePageTest" name="ChainsClick" time="0.201"/>
  <testcase classname="com.crm.qa.testcases.HomePageTest" name="getCatalogCount" time="0.102"/>
  <testcase classname="com.crm.qa.testcases.HomePageTest" name="getDetails" time="7.346"/>
  <testcase classname="com.crm.qa.testcases.HomePageTest" name="verifyCompanyTitle" time="0.047"/>
  <testcase classname="com.crm.qa.testcases.HomePageTest" name="verifyCompanyTitlevisibility" time="0.126"/>
  <testcase classname="com.crm.qa.testcases.ChainsCatalogueTest" name="ViewBasket" time="23.509"/>
  <testcase classname="com.crm.qa.testcases.ChainsCatalogueTest" name="validateFilter" time="1.388"/>
  <testcase classname="com.crm.qa.testcases.ReviewPageTest" name="OrderWithBlankData" time="0.573"/>
  <testcase classname="com.crm.qa.testcases.ReviewPageTest" name="RemoveTest" time="0.113"/>
  <testcase classname="com.crm.qa.testcases.ReviewPageTest" name="AddtoCart" time="1.499"/>
</testsuite> <!-- Free CRM App Test Cases -->
