<?xml version="1.0" encoding="UTF-8"?>
<testng-results ignored="0" total="10" passed="10" failed="0" skipped="0">
  <reporter-output>
  </reporter-output>
  <suite started-at="2021-01-07T13:52:21Z" name="FREE CRM Application Test Automation Test Suite" finished-at="2021-01-07T13:56:08Z" duration-ms="226880">
    <groups>
    </groups>
    <test started-at="2021-01-07T13:52:21Z" name="Free CRM App Test Cases" finished-at="2021-01-07T13:56:08Z" duration-ms="226880">
      <class name="com.crm.qa.testcases.HomePageTest">
        <test-method is-config="true" signature="setUp()[pri:0, instance:com.crm.qa.testcases.HomePageTest@37e547da]" started-at="2021-01-07T19:22:22Z" name="setUp" finished-at="2021-01-07T19:22:33Z" duration-ms="11287" status="PASS">
          <reporter-output>
          </reporter-output>
        </test-method> <!-- setUp -->
        <test-method signature="ChainsClick()[pri:0, instance:com.crm.qa.testcases.HomePageTest@37e547da]" started-at="2021-01-07T19:22:33Z" name="ChainsClick" finished-at="2021-01-07T19:22:33Z" duration-ms="201" status="PASS">
          <reporter-output>
          </reporter-output>
        </test-method> <!-- ChainsClick -->
        <test-method is-config="true" signature="tearDown()[pri:0, instance:com.crm.qa.testcases.HomePageTest@37e547da]" started-at="2021-01-07T19:22:33Z" name="tearDown" finished-at="2021-01-07T19:22:34Z" duration-ms="881" status="PASS">
          <reporter-output>
          </reporter-output>
        </test-method> <!-- tearDown -->
        <test-method is-config="true" signature="setUp()[pri:0, instance:com.crm.qa.testcases.HomePageTest@37e547da]" started-at="2021-01-07T19:22:34Z" name="setUp" finished-at="2021-01-07T19:22:44Z" duration-ms="10551" status="PASS">
          <reporter-output>
          </reporter-output>
        </test-method> <!-- setUp -->
        <test-method signature="getCatalogCount()[pri:0, instance:com.crm.qa.testcases.HomePageTest@37e547da]" started-at="2021-01-07T19:22:44Z" name="getCatalogCount" finished-at="2021-01-07T19:22:45Z" duration-ms="102" status="PASS">
          <reporter-output>
          </reporter-output>
        </test-method> <!-- getCatalogCount -->
        <test-method is-config="true" signature="tearDown()[pri:0, instance:com.crm.qa.testcases.HomePageTest@37e547da]" started-at="2021-01-07T19:22:45Z" name="tearDown" finished-at="2021-01-07T19:22:46Z" duration-ms="1679" status="PASS">
          <reporter-output>
          </reporter-output>
        </test-method> <!-- tearDown -->
        <test-method is-config="true" signature="setUp()[pri:0, instance:com.crm.qa.testcases.HomePageTest@37e547da]" started-at="2021-01-07T19:22:46Z" name="setUp" finished-at="2021-01-07T19:22:57Z" duration-ms="10378" status="PASS">
          <reporter-output>
          </reporter-output>
        </test-method> <!-- setUp -->
        <test-method signature="getDetails()[pri:0, instance:com.crm.qa.testcases.HomePageTest@37e547da]" started-at="2021-01-07T19:22:57Z" name="getDetails" finished-at="2021-01-07T19:23:04Z" duration-ms="7346" status="PASS">
          <reporter-output>
          </reporter-output>
        </test-method> <!-- getDetails -->
        <test-method is-config="true" signature="tearDown()[pri:0, instance:com.crm.qa.testcases.HomePageTest@37e547da]" started-at="2021-01-07T19:23:04Z" name="tearDown" finished-at="2021-01-07T19:23:05Z" duration-ms="740" status="PASS">
          <reporter-output>
          </reporter-output>
        </test-method> <!-- tearDown -->
        <test-method is-config="true" signature="setUp()[pri:0, instance:com.crm.qa.testcases.HomePageTest@37e547da]" started-at="2021-01-07T19:23:05Z" name="setUp" finished-at="2021-01-07T19:23:16Z" duration-ms="11033" status="PASS">
          <reporter-output>
          </reporter-output>
        </test-method> <!-- setUp -->
        <test-method signature="verifyCompanyTitle()[pri:0, instance:com.crm.qa.testcases.HomePageTest@37e547da]" started-at="2021-01-07T19:23:16Z" name="verifyCompanyTitle" finished-at="2021-01-07T19:23:16Z" duration-ms="47" status="PASS">
          <reporter-output>
          </reporter-output>
        </test-method> <!-- verifyCompanyTitle -->
        <test-method is-config="true" signature="tearDown()[pri:0, instance:com.crm.qa.testcases.HomePageTest@37e547da]" started-at="2021-01-07T19:23:16Z" name="tearDown" finished-at="2021-01-07T19:23:17Z" duration-ms="1259" status="PASS">
          <reporter-output>
          </reporter-output>
        </test-method> <!-- tearDown -->
        <test-method is-config="true" signature="setUp()[pri:0, instance:com.crm.qa.testcases.HomePageTest@37e547da]" started-at="2021-01-07T19:23:17Z" name="setUp" finished-at="2021-01-07T19:23:28Z" duration-ms="10781" status="PASS">
          <reporter-output>
          </reporter-output>
        </test-method> <!-- setUp -->
        <test-method signature="verifyCompanyTitlevisibility()[pri:0, instance:com.crm.qa.testcases.HomePageTest@37e547da]" started-at="2021-01-07T19:23:28Z" name="verifyCompanyTitlevisibility" finished-at="2021-01-07T19:23:28Z" duration-ms="126" status="PASS">
          <reporter-output>
          </reporter-output>
        </test-method> <!-- verifyCompanyTitlevisibility -->
        <test-method is-config="true" signature="tearDown()[pri:0, instance:com.crm.qa.testcases.HomePageTest@37e547da]" started-at="2021-01-07T19:23:28Z" name="tearDown" finished-at="2021-01-07T19:23:29Z" duration-ms="1196" status="PASS">
          <reporter-output>
          </reporter-output>
        </test-method> <!-- tearDown -->
      </class> <!-- com.crm.qa.testcases.HomePageTest -->
      <class name="com.crm.qa.testcases.ReviewPageTest">
        <test-method is-config="true" signature="setUp()[pri:0, instance:com.crm.qa.testcases.ReviewPageTest@5db45159]" started-at="2021-01-07T19:24:17Z" name="setUp" finished-at="2021-01-07T19:24:52Z" duration-ms="34671" status="PASS">
          <reporter-output>
          </reporter-output>
        </test-method> <!-- setUp -->
        <test-method signature="OrderWithBlankData()[pri:0, instance:com.crm.qa.testcases.ReviewPageTest@5db45159]" started-at="2021-01-07T19:24:52Z" name="OrderWithBlankData" finished-at="2021-01-07T19:24:53Z" duration-ms="573" status="PASS">
          <reporter-output>
          </reporter-output>
        </test-method> <!-- OrderWithBlankData -->
        <test-method is-config="true" signature="tearDown()[pri:0, instance:com.crm.qa.testcases.ReviewPageTest@5db45159]" started-at="2021-01-07T19:24:53Z" name="tearDown" finished-at="2021-01-07T19:24:54Z" duration-ms="966" status="PASS">
          <reporter-output>
          </reporter-output>
        </test-method> <!-- tearDown -->
        <test-method is-config="true" signature="setUp()[pri:0, instance:com.crm.qa.testcases.ReviewPageTest@5db45159]" started-at="2021-01-07T19:24:54Z" name="setUp" finished-at="2021-01-07T19:25:28Z" duration-ms="34062" status="PASS">
          <reporter-output>
          </reporter-output>
        </test-method> <!-- setUp -->
        <test-method signature="RemoveTest()[pri:0, instance:com.crm.qa.testcases.ReviewPageTest@5db45159]" started-at="2021-01-07T19:25:28Z" name="RemoveTest" finished-at="2021-01-07T19:25:28Z" duration-ms="113" status="PASS">
          <reporter-output>
          </reporter-output>
        </test-method> <!-- RemoveTest -->
        <test-method is-config="true" signature="tearDown()[pri:0, instance:com.crm.qa.testcases.ReviewPageTest@5db45159]" started-at="2021-01-07T19:25:28Z" name="tearDown" finished-at="2021-01-07T19:25:28Z" duration-ms="797" status="PASS">
          <reporter-output>
          </reporter-output>
        </test-method> <!-- tearDown -->
        <test-method is-config="true" signature="setUp()[pri:0, instance:com.crm.qa.testcases.ReviewPageTest@5db45159]" started-at="2021-01-07T19:25:29Z" name="setUp" finished-at="2021-01-07T19:26:06Z" duration-ms="36946" status="PASS">
          <reporter-output>
          </reporter-output>
        </test-method> <!-- setUp -->
        <test-method signature="AddtoCart(java.lang.String, java.lang.String, java.lang.String, java.lang.String, java.lang.String, java.lang.String)[pri:4, instance:com.crm.qa.testcases.ReviewPageTest@5db45159]" started-at="2021-01-07T19:26:06Z" name="AddtoCart" data-provider="getTestData" finished-at="2021-01-07T19:26:08Z" duration-ms="1499" status="PASS">
          <params>
            <param index="0">
              <value>
                <![CDATA[XYZ]]>
              </value>
            </param>
            <param index="1">
              <value>
                <![CDATA[test@test.com]]>
              </value>
            </param>
            <param index="2">
              <value>
                <![CDATA[xyz,1,abc]]>
              </value>
            </param>
            <param index="3">
              <value>
                <![CDATA[India]]>
              </value>
            </param>
            <param index="4">
              <value>
                <![CDATA[Maharashtra]]>
              </value>
            </param>
            <param index="5">
              <value>
                <![CDATA[Mumbai]]>
              </value>
            </param>
          </params>
          <reporter-output>
          </reporter-output>
        </test-method> <!-- AddtoCart -->
        <test-method is-config="true" signature="tearDown()[pri:0, instance:com.crm.qa.testcases.ReviewPageTest@5db45159]" started-at="2021-01-07T19:26:08Z" name="tearDown" finished-at="2021-01-07T19:26:08Z" duration-ms="792" status="PASS">
          <reporter-output>
          </reporter-output>
        </test-method> <!-- tearDown -->
      </class> <!-- com.crm.qa.testcases.ReviewPageTest -->
      <class name="com.crm.qa.testcases.ChainsCatalogueTest">
        <test-method is-config="true" signature="setUp()[pri:0, instance:com.crm.qa.testcases.ChainsCatalogueTest@2b6856dd]" started-at="2021-01-07T19:23:29Z" name="setUp" finished-at="2021-01-07T19:23:40Z" duration-ms="10757" status="PASS">
          <reporter-output>
          </reporter-output>
        </test-method> <!-- setUp -->
        <test-method signature="ViewBasket()[pri:0, instance:com.crm.qa.testcases.ChainsCatalogueTest@2b6856dd]" started-at="2021-01-07T19:23:40Z" name="ViewBasket" finished-at="2021-01-07T19:24:03Z" duration-ms="23509" status="PASS">
          <reporter-output>
          </reporter-output>
        </test-method> <!-- ViewBasket -->
        <test-method is-config="true" signature="tearDown()[pri:0, instance:com.crm.qa.testcases.ChainsCatalogueTest@2b6856dd]" started-at="2021-01-07T19:24:03Z" name="tearDown" finished-at="2021-01-07T19:24:04Z" duration-ms="850" status="PASS">
          <reporter-output>
          </reporter-output>
        </test-method> <!-- tearDown -->
        <test-method is-config="true" signature="setUp()[pri:0, instance:com.crm.qa.testcases.ChainsCatalogueTest@2b6856dd]" started-at="2021-01-07T19:24:04Z" name="setUp" finished-at="2021-01-07T19:24:15Z" duration-ms="10865" status="PASS">
          <reporter-output>
          </reporter-output>
        </test-method> <!-- setUp -->
        <test-method signature="validateFilter()[pri:0, instance:com.crm.qa.testcases.ChainsCatalogueTest@2b6856dd]" started-at="2021-01-07T19:24:15Z" name="validateFilter" finished-at="2021-01-07T19:24:17Z" duration-ms="1388" status="PASS">
          <reporter-output>
          </reporter-output>
        </test-method> <!-- validateFilter -->
        <test-method is-config="true" signature="tearDown()[pri:0, instance:com.crm.qa.testcases.ChainsCatalogueTest@2b6856dd]" started-at="2021-01-07T19:24:17Z" name="tearDown" finished-at="2021-01-07T19:24:17Z" duration-ms="790" status="PASS">
          <reporter-output>
          </reporter-output>
        </test-method> <!-- tearDown -->
      </class> <!-- com.crm.qa.testcases.ChainsCatalogueTest -->
    </test> <!-- Free CRM App Test Cases -->
  </suite> <!-- FREE CRM Application Test Automation Test Suite -->
</testng-results>
